AndroidStudioProjects/app/build/intermediates/manifest_merge_blame_file/debug/manifest-merger-blame-debug-report.txt
1<?xml version="1.0" encoding="utf-8"?>
2<manifest xmlns:android="http://schemas.android.com/apk/res/android"
3    package="com.example.yummy"
4    android:versionCode="1"
5    android:versionName="1.0" >
6
7    <uses-sdk
8        android:minSdkVersion="16"
8-->src\main\AndroidManifest.xml
9        android:targetSdkVersion="32" />
9-->src\main\AndroidManifest.xml
10
11    <application
11-->src\main\AndroidManifest.xml:6:5-125:19
12        android:allowBackup="true"
12-->src\main\AndroidManifest.xml:7:9-35
13        android:appComponentFactory="androidx.core.app.CoreComponentFactory"
13-->[androidx.core:core:1.7.0] AndroidManifest.xml:24:18-86
14        android:dataExtractionRules="@xml/data_extraction_rules"
14-->src\main\AndroidManifest.xml:8:9-65
15        android:debuggable="true"
16        android:fullBackupContent="@xml/backup_rules"
16-->src\main\AndroidManifest.xml:9:9-54
17        android:icon="@mipmap/ic_launcher"
17-->src\main\AndroidManifest.xml:10:9-43
18        android:label="@string/app_name"
18-->src\main\AndroidManifest.xml:11:9-41
19        android:roundIcon="@mipmap/ic_launcher_round"
19-->src\main\AndroidManifest.xml:12:9-54
20        android:supportsRtl="true"
20-->src\main\AndroidManifest.xml:13:9-35
21        android:testOnly="true"
22        android:theme="@style/Theme.Yummy" >
22-->src\main\AndroidManifest.xml:14:9-43
23        <activity
23-->src\main\AndroidManifest.xml:16:9-18:40
24            android:name="com.example.yummy.Lunch"
24-->src\main\AndroidManifest.xml:17:13-34
25            android:exported="false" />
25-->src\main\AndroidManifest.xml:18:13-37
26        <activity
26-->src\main\AndroidManifest.xml:19:9-21:40
27            android:name="com.example.yummy.Coleslaw"
27-->src\main\AndroidManifest.xml:20:13-37
28            android:exported="false" />
28-->src\main\AndroidManifest.xml:21:13-37
29        <activity
29-->src\main\AndroidManifest.xml:22:9-24:40
30            android:name="com.example.yummy.Spaghetti"
30-->src\main\AndroidManifest.xml:23:13-38
31            android:exported="false" />
31-->src\main\AndroidManifest.xml:24:13-37
32        <activity
32-->src\main\AndroidManifest.xml:25:9-27:40
33            android:name="com.example.yummy.Burger"
33-->src\main\AndroidManifest.xml:26:13-35
34            android:exported="false" />
34-->src\main\AndroidManifest.xml:27:13-37
35        <activity
35-->src\main\AndroidManifest.xml:28:9-30:40
36            android:name="com.example.yummy.pizza"
36-->src\main\AndroidManifest.xml:29:13-34
37            android:exported="false" />
37-->src\main\AndroidManifest.xml:30:13-37
38        <activity
38-->src\main\AndroidManifest.xml:31:9-33:40
39            android:name="com.example.yummy.Dinner"
39-->src\main\AndroidManifest.xml:32:13-35
40            android:exported="false" />
40-->src\main\AndroidManifest.xml:33:13-37
41        <activity
41-->src\main\AndroidManifest.xml:34:9-36:40
42            android:name="com.example.yummy.TomatoSoup"
42-->src\main\AndroidManifest.xml:35:13-39
43            android:exported="false" />
43-->src\main\AndroidManifest.xml:36:13-37
44        <activity
44-->src\main\AndroidManifest.xml:37:9-39:40
45            android:name="com.example.yummy.Turkey"
45-->src\main\AndroidManifest.xml:38:13-35
46            android:exported="false" />
46-->src\main\AndroidManifest.xml:39:13-37
47        <activity
47-->src\main\AndroidManifest.xml:40:9-42:40
48            android:name="com.example.yummy.GrilledChicken"
48-->src\main\AndroidManifest.xml:41:13-43
49            android:exported="false" />
49-->src\main\AndroidManifest.xml:42:13-37
50        <activity
50-->src\main\AndroidManifest.xml:43:9-45:40
51            android:name="com.example.yummy.GrilledSalmon"
51-->src\main\AndroidManifest.xml:44:13-42
52            android:exported="false" />
52-->src\main\AndroidManifest.xml:45:13-37
53        <activity
53-->src\main\AndroidManifest.xml:46:9-48:40
54            android:name="com.example.yummy.EgyFalafel"
54-->src\main\AndroidManifest.xml:47:13-39
55            android:exported="false" />
55-->src\main\AndroidManifest.xml:48:13-37
56        <activity
56-->src\main\AndroidManifest.xml:49:9-51:40
57            android:name="com.example.yummy.Breakfast"
57-->src\main\AndroidManifest.xml:50:13-38
58            android:exported="false" />
58-->src\main\AndroidManifest.xml:51:13-37
59        <activity
59-->src\main\AndroidManifest.xml:52:9-54:40
60            android:name="com.example.yummy.Flafel"
60-->src\main\AndroidManifest.xml:53:13-35
61            android:exported="false" />
61-->src\main\AndroidManifest.xml:54:13-37
62        <activity
62-->src\main\AndroidManifest.xml:55:9-57:40
63            android:name="com.example.yummy.Eggs"
63-->src\main\AndroidManifest.xml:56:13-33
64            android:exported="false" />
64-->src\main\AndroidManifest.xml:57:13-37
65        <activity
65-->src\main\AndroidManifest.xml:58:9-60:40
66            android:name="com.example.yummy.HotBuns"
66-->src\main\AndroidManifest.xml:59:13-36
67            android:exported="false" />
67-->src\main\AndroidManifest.xml:60:13-37
68        <activity
68-->src\main\AndroidManifest.xml:61:9-63:40
69            android:name="com.example.yummy.HomeFries"
69-->src\main\AndroidManifest.xml:62:13-38
70            android:exported="false" />
70-->src\main\AndroidManifest.xml:63:13-37
71        <activity
71-->src\main\AndroidManifest.xml:64:9-66:40
72            android:name="com.example.yummy.ColdDrinks"
72-->src\main\AndroidManifest.xml:65:13-39
73            android:exported="false" />
73-->src\main\AndroidManifest.xml:66:13-37
74        <activity
74-->src\main\AndroidManifest.xml:67:9-69:40
75            android:name="com.example.yummy.Yogurt"
75-->src\main\AndroidManifest.xml:68:13-35
76            android:exported="false" />
76-->src\main\AndroidManifest.xml:69:13-37
77        <activity
77-->src\main\AndroidManifest.xml:70:9-72:40
78            android:name="com.example.yummy.Smoothie"
78-->src\main\AndroidManifest.xml:71:13-37
79            android:exported="false" />
79-->src\main\AndroidManifest.xml:72:13-37
80        <activity
80-->src\main\AndroidManifest.xml:73:9-75:40
81            android:name="com.example.yummy.MilkShake"
81-->src\main\AndroidManifest.xml:74:13-38
82            android:exported="false" />
82-->src\main\AndroidManifest.xml:75:13-37
83        <activity
83-->src\main\AndroidManifest.xml:76:9-78:40
84            android:name="com.example.yummy.Lemonade"
84-->src\main\AndroidManifest.xml:77:13-37
85            android:exported="false" />
85-->src\main\AndroidManifest.xml:78:13-37
86        <activity
86-->src\main\AndroidManifest.xml:79:9-81:40
87            android:name="com.example.yummy.HotDrinks"
87-->src\main\AndroidManifest.xml:80:13-38
88            android:exported="false" />
88-->src\main\AndroidManifest.xml:81:13-37
89        <activity
89-->src\main\AndroidManifest.xml:82:9-84:40
90            android:name="com.example.yummy.TeaMix"
90-->src\main\AndroidManifest.xml:83:13-35
91            android:exported="false" />
91-->src\main\AndroidManifest.xml:84:13-37
92        <activity
92-->src\main\AndroidManifest.xml:85:9-87:40
93            android:name="com.example.yummy.ChocoLatte"
93-->src\main\AndroidManifest.xml:86:13-39
94            android:exported="false" />
94-->src\main\AndroidManifest.xml:87:13-37
95        <activity
95-->src\main\AndroidManifest.xml:88:9-90:40
96            android:name="com.example.yummy.ChaiLatte"
96-->src\main\AndroidManifest.xml:89:13-38
97            android:exported="false" />
97-->src\main\AndroidManifest.xml:90:13-37
98        <activity
98-->src\main\AndroidManifest.xml:91:9-93:40
99            android:name="com.example.yummy.HotCocoa"
99-->src\main\AndroidManifest.xml:92:13-37
100            android:exported="false" />
100-->src\main\AndroidManifest.xml:93:13-37
101        <activity
101-->src\main\AndroidManifest.xml:94:9-96:40
102            android:name="com.example.yummy.Signup"
102-->src\main\AndroidManifest.xml:95:13-35
103            android:exported="false" />
103-->src\main\AndroidManifest.xml:96:13-37
104        <activity
104-->src\main\AndroidManifest.xml:97:9-99:40
105            android:name="com.example.yummy.Desserts"
105-->src\main\AndroidManifest.xml:98:13-37
106            android:exported="false" />
106-->src\main\AndroidManifest.xml:99:13-37
107        <activity
107-->src\main\AndroidManifest.xml:100:9-102:40
108            android:name="com.example.yummy.Cake"
108-->src\main\AndroidManifest.xml:101:13-33
109            android:exported="false" />
109-->src\main\AndroidManifest.xml:102:13-37
110        <activity
110-->src\main\AndroidManifest.xml:103:9-105:40
111            android:name="com.example.yummy.Cinnamon"
111-->src\main\AndroidManifest.xml:104:13-37
112            android:exported="false" />
112-->src\main\AndroidManifest.xml:105:13-37
113        <activity
113-->src\main\AndroidManifest.xml:106:9-108:40
114            android:name="com.example.yummy.Muffin"
114-->src\main\AndroidManifest.xml:107:13-35
115            android:exported="false" />
115-->src\main\AndroidManifest.xml:108:13-37
116        <activity
116-->src\main\AndroidManifest.xml:109:9-111:40
117            android:name="com.example.yummy.Waffle"
117-->src\main\AndroidManifest.xml:110:13-35
118            android:exported="false" />
118-->src\main\AndroidManifest.xml:111:13-37
119        <activity
119-->src\main\AndroidManifest.xml:112:9-120:20
120            android:name="com.example.yummy.MainActivity"
120-->src\main\AndroidManifest.xml:113:13-41
121            android:exported="true" >
121-->src\main\AndroidManifest.xml:114:13-36
122            <intent-filter>
122-->src\main\AndroidManifest.xml:115:13-119:29
123                <action android:name="android.intent.action.MAIN" />
123-->src\main\AndroidManifest.xml:116:17-69
123-->src\main\AndroidManifest.xml:116:25-66
124
125                <category android:name="android.intent.category.LAUNCHER" />
125-->src\main\AndroidManifest.xml:118:17-77
125-->src\main\AndroidManifest.xml:118:27-74
126            </intent-filter>
127        </activity>
128
129        <meta-data
129-->src\main\AndroidManifest.xml:122:9-124:57
130            android:name="preloaded_fonts"
130-->src\main\AndroidManifest.xml:123:13-43
131            android:resource="@array/preloaded_fonts" />
131-->src\main\AndroidManifest.xml:124:13-54
132
133        <provider
133-->[androidx.emoji2:emoji2:1.0.0] AndroidManifest.xml:26:9-34:20
134            android:name="androidx.startup.InitializationProvider"
134-->[androidx.emoji2:emoji2:1.0.0] AndroidManifest.xml:27:13-67
135            android:authorities="com.example.yummy.androidx-startup"
135-->[androidx.emoji2:emoji2:1.0.0] AndroidManifest.xml:28:13-68
136            android:exported="false" >
136-->[androidx.emoji2:emoji2:1.0.0] AndroidManifest.xml:29:13-37
137            <meta-data
137-->[androidx.emoji2:emoji2:1.0.0] AndroidManifest.xml:31:13-33:52
138                android:name="androidx.emoji2.text.EmojiCompatInitializer"
138-->[androidx.emoji2:emoji2:1.0.0] AndroidManifest.xml:32:17-75
139                android:value="androidx.startup" />
139-->[androidx.emoji2:emoji2:1.0.0] AndroidManifest.xml:33:17-49
140            <meta-data
140-->[androidx.lifecycle:lifecycle-process:2.4.0] AndroidManifest.xml:31:13-33:52
141                android:name="androidx.lifecycle.ProcessLifecycleInitializer"
141-->[androidx.lifecycle:lifecycle-process:2.4.0] AndroidManifest.xml:32:17-78
142                android:value="androidx.startup" />
142-->[androidx.lifecycle:lifecycle-process:2.4.0] AndroidManifest.xml:33:17-49
143        </provider>
144    </application>
145
146</manifest>